[32m2024-01-22 06:37:01 +0000[0m - dagster - [34mDEBUG[0m - __ASSET_JOB - ba70c0d6-f32c-4607-823f-ead87c66da74 - 10241 - LOGS_CAPTURED - Started capturing logs in process (pid: 10241).
[32m2024-01-22 06:37:01 +0000[0m - dagster - [34mDEBUG[0m - __ASSET_JOB - ba70c0d6-f32c-4607-823f-ead87c66da74 - 10241 - jaffle_shop_dbt_assets - STEP_START - Started execution of step "jaffle_shop_dbt_assets".
[32m2024-01-22 06:37:01 +0000[0m - dagster - [34mINFO[0m - __ASSET_JOB - ba70c0d6-f32c-4607-823f-ead87c66da74 - jaffle_shop_dbt_assets - A dbt subsetted execution is not being performed. Using the default dbt selection arguments `['--select', 'fqn:*']`.
[32m2024-01-22 06:37:01 +0000[0m - dagster - [34mINFO[0m - __ASSET_JOB - ba70c0d6-f32c-4607-823f-ead87c66da74 - jaffle_shop_dbt_assets - Copying `/workspaces/jaffle_shop/target/partial_parse.msgpack` to `/workspaces/jaffle_shop/target/jaffle_shop_dbt_assets-ba70c0d-8a5f3c1/partial_parse.msgpack` to take advantage of partial parsing.
[32m2024-01-22 06:37:01 +0000[0m - dagster - [34mINFO[0m - __ASSET_JOB - ba70c0d6-f32c-4607-823f-ead87c66da74 - jaffle_shop_dbt_assets - Running dbt command: `dbt build --select fqn:*`.
[32m2024-01-22 06:37:05 +0000[0m - dagster - [34mDEBUG[0m - __ASSET_JOB - ba70c0d6-f32c-4607-823f-ead87c66da74 - 10241 - jaffle_shop_dbt_assets - STEP_OUTPUT - Yielded output "raw_payments" of type "Nothing". (Type check passed).
[32m2024-01-22 06:37:06 +0000[0m - dagster - [34mDEBUG[0m - __ASSET_JOB - ba70c0d6-f32c-4607-823f-ead87c66da74 - 10241 - jaffle_shop_dbt_assets - ASSET_MATERIALIZATION - Materialized value raw_payments.
[32m2024-01-22 06:37:06 +0000[0m - dagster - [34mDEBUG[0m - __ASSET_JOB - ba70c0d6-f32c-4607-823f-ead87c66da74 - 10241 - jaffle_shop_dbt_assets - STEP_OUTPUT - Yielded output "raw_orders" of type "Nothing". (Type check passed).
[32m2024-01-22 06:37:06 +0000[0m - dagster - [34mDEBUG[0m - __ASSET_JOB - ba70c0d6-f32c-4607-823f-ead87c66da74 - 10241 - jaffle_shop_dbt_assets - ASSET_MATERIALIZATION - Materialized value raw_orders.
[32m2024-01-22 06:37:06 +0000[0m - dagster - [34mDEBUG[0m - __ASSET_JOB - ba70c0d6-f32c-4607-823f-ead87c66da74 - 10241 - jaffle_shop_dbt_assets - STEP_OUTPUT - Yielded output "raw_customers" of type "Nothing". (Type check passed).
[32m2024-01-22 06:37:06 +0000[0m - dagster - [34mDEBUG[0m - __ASSET_JOB - ba70c0d6-f32c-4607-823f-ead87c66da74 - 10241 - jaffle_shop_dbt_assets - ASSET_MATERIALIZATION - Materialized value raw_customers.
[32m2024-01-22 06:37:06 +0000[0m - dagster - [34mDEBUG[0m - __ASSET_JOB - ba70c0d6-f32c-4607-823f-ead87c66da74 - 10241 - jaffle_shop_dbt_assets - STEP_OUTPUT - Yielded output "stg_payments" of type "Nothing". (Type check passed).
[32m2024-01-22 06:37:07 +0000[0m - dagster - [34mDEBUG[0m - __ASSET_JOB - ba70c0d6-f32c-4607-823f-ead87c66da74 - 10241 - jaffle_shop_dbt_assets - ASSET_MATERIALIZATION - Materialized value stg_payments.
[32m2024-01-22 06:37:07 +0000[0m - dagster - [34mDEBUG[0m - __ASSET_JOB - ba70c0d6-f32c-4607-823f-ead87c66da74 - 10241 - jaffle_shop_dbt_assets - STEP_OUTPUT - Yielded output "stg_orders" of type "Nothing". (Type check passed).
[32m2024-01-22 06:37:07 +0000[0m - dagster - [34mDEBUG[0m - __ASSET_JOB - ba70c0d6-f32c-4607-823f-ead87c66da74 - 10241 - jaffle_shop_dbt_assets - ASSET_MATERIALIZATION - Materialized value stg_orders.
[32m2024-01-22 06:37:07 +0000[0m - dagster - [34mDEBUG[0m - __ASSET_JOB - ba70c0d6-f32c-4607-823f-ead87c66da74 - 10241 - jaffle_shop_dbt_assets - STEP_OUTPUT - Yielded output "stg_customers" of type "Nothing". (Type check passed).
[32m2024-01-22 06:37:07 +0000[0m - dagster - [34mDEBUG[0m - __ASSET_JOB - ba70c0d6-f32c-4607-823f-ead87c66da74 - 10241 - jaffle_shop_dbt_assets - ASSET_MATERIALIZATION - Materialized value stg_customers.
[32m2024-01-22 06:37:08 +0000[0m - dagster - [34mDEBUG[0m - __ASSET_JOB - ba70c0d6-f32c-4607-823f-ead87c66da74 - 10241 - jaffle_shop_dbt_assets - ASSET_OBSERVATION - ASSET_OBSERVATION for step jaffle_shop_dbt_assets
[32m2024-01-22 06:37:08 +0000[0m - dagster - [34mDEBUG[0m - __ASSET_JOB - ba70c0d6-f32c-4607-823f-ead87c66da74 - 10241 - jaffle_shop_dbt_assets - ASSET_OBSERVATION - ASSET_OBSERVATION for step jaffle_shop_dbt_assets
[32m2024-01-22 06:37:08 +0000[0m - dagster - [34mDEBUG[0m - __ASSET_JOB - ba70c0d6-f32c-4607-823f-ead87c66da74 - 10241 - jaffle_shop_dbt_assets - ASSET_OBSERVATION - ASSET_OBSERVATION for step jaffle_shop_dbt_assets
[32m2024-01-22 06:37:08 +0000[0m - dagster - [34mDEBUG[0m - __ASSET_JOB - ba70c0d6-f32c-4607-823f-ead87c66da74 - 10241 - jaffle_shop_dbt_assets - ASSET_OBSERVATION - ASSET_OBSERVATION for step jaffle_shop_dbt_assets
[32m2024-01-22 06:37:08 +0000[0m - dagster - [34mDEBUG[0m - __ASSET_JOB - ba70c0d6-f32c-4607-823f-ead87c66da74 - 10241 - jaffle_shop_dbt_assets - ASSET_OBSERVATION - ASSET_OBSERVATION for step jaffle_shop_dbt_assets
[32m2024-01-22 06:37:08 +0000[0m - dagster - [34mDEBUG[0m - __ASSET_JOB - ba70c0d6-f32c-4607-823f-ead87c66da74 - 10241 - jaffle_shop_dbt_assets - ASSET_OBSERVATION - ASSET_OBSERVATION for step jaffle_shop_dbt_assets
[32m2024-01-22 06:37:08 +0000[0m - dagster - [34mDEBUG[0m - __ASSET_JOB - ba70c0d6-f32c-4607-823f-ead87c66da74 - 10241 - jaffle_shop_dbt_assets - ASSET_OBSERVATION - ASSET_OBSERVATION for step jaffle_shop_dbt_assets
[32m2024-01-22 06:37:09 +0000[0m - dagster - [34mDEBUG[0m - __ASSET_JOB - ba70c0d6-f32c-4607-823f-ead87c66da74 - 10241 - jaffle_shop_dbt_assets - ASSET_OBSERVATION - ASSET_OBSERVATION for step jaffle_shop_dbt_assets
[32m2024-01-22 06:37:09 +0000[0m - dagster - [34mDEBUG[0m - __ASSET_JOB - ba70c0d6-f32c-4607-823f-ead87c66da74 - 10241 - jaffle_shop_dbt_assets - STEP_OUTPUT - Yielded output "customers" of type "Nothing". (Type check passed).
[32m2024-01-22 06:37:09 +0000[0m - dagster - [34mDEBUG[0m - __ASSET_JOB - ba70c0d6-f32c-4607-823f-ead87c66da74 - 10241 - jaffle_shop_dbt_assets - ASSET_MATERIALIZATION - Materialized value customers.
[32m2024-01-22 06:37:09 +0000[0m - dagster - [34mDEBUG[0m - __ASSET_JOB - ba70c0d6-f32c-4607-823f-ead87c66da74 - 10241 - jaffle_shop_dbt_assets - STEP_OUTPUT - Yielded output "orders" of type "Nothing". (Type check passed).
[32m2024-01-22 06:37:09 +0000[0m - dagster - [34mDEBUG[0m - __ASSET_JOB - ba70c0d6-f32c-4607-823f-ead87c66da74 - 10241 - jaffle_shop_dbt_assets - ASSET_MATERIALIZATION - Materialized value orders.
[32m2024-01-22 06:37:09 +0000[0m - dagster - [34mDEBUG[0m - __ASSET_JOB - ba70c0d6-f32c-4607-823f-ead87c66da74 - 10241 - jaffle_shop_dbt_assets - ASSET_OBSERVATION - ASSET_OBSERVATION for step jaffle_shop_dbt_assets
[32m2024-01-22 06:37:09 +0000[0m - dagster - [34mDEBUG[0m - __ASSET_JOB - ba70c0d6-f32c-4607-823f-ead87c66da74 - 10241 - jaffle_shop_dbt_assets - ASSET_OBSERVATION - ASSET_OBSERVATION for step jaffle_shop_dbt_assets
[32m2024-01-22 06:37:09 +0000[0m - dagster - [34mDEBUG[0m - __ASSET_JOB - ba70c0d6-f32c-4607-823f-ead87c66da74 - 10241 - jaffle_shop_dbt_assets - ASSET_OBSERVATION - ASSET_OBSERVATION for step jaffle_shop_dbt_assets
[32m2024-01-22 06:37:10 +0000[0m - dagster - [34mDEBUG[0m - __ASSET_JOB - ba70c0d6-f32c-4607-823f-ead87c66da74 - 10241 - jaffle_shop_dbt_assets - ASSET_OBSERVATION - ASSET_OBSERVATION for step jaffle_shop_dbt_assets
[32m2024-01-22 06:37:10 +0000[0m - dagster - [34mDEBUG[0m - __ASSET_JOB - ba70c0d6-f32c-4607-823f-ead87c66da74 - 10241 - jaffle_shop_dbt_assets - ASSET_OBSERVATION - ASSET_OBSERVATION for step jaffle_shop_dbt_assets
[32m2024-01-22 06:37:10 +0000[0m - dagster - [34mDEBUG[0m - __ASSET_JOB - ba70c0d6-f32c-4607-823f-ead87c66da74 - 10241 - jaffle_shop_dbt_assets - ASSET_OBSERVATION - ASSET_OBSERVATION for step jaffle_shop_dbt_assets
[32m2024-01-22 06:37:10 +0000[0m - dagster - [34mDEBUG[0m - __ASSET_JOB - ba70c0d6-f32c-4607-823f-ead87c66da74 - 10241 - jaffle_shop_dbt_assets - ASSET_OBSERVATION - ASSET_OBSERVATION for step jaffle_shop_dbt_assets
[32m2024-01-22 06:37:10 +0000[0m - dagster - [34mDEBUG[0m - __ASSET_JOB - ba70c0d6-f32c-4607-823f-ead87c66da74 - 10241 - jaffle_shop_dbt_assets - ASSET_OBSERVATION - ASSET_OBSERVATION for step jaffle_shop_dbt_assets
[32m2024-01-22 06:37:10 +0000[0m - dagster - [34mDEBUG[0m - __ASSET_JOB - ba70c0d6-f32c-4607-823f-ead87c66da74 - 10241 - jaffle_shop_dbt_assets - ASSET_OBSERVATION - ASSET_OBSERVATION for step jaffle_shop_dbt_assets
[32m2024-01-22 06:37:10 +0000[0m - dagster - [34mDEBUG[0m - __ASSET_JOB - ba70c0d6-f32c-4607-823f-ead87c66da74 - 10241 - jaffle_shop_dbt_assets - ASSET_OBSERVATION - ASSET_OBSERVATION for step jaffle_shop_dbt_assets
[32m2024-01-22 06:37:11 +0000[0m - dagster - [34mDEBUG[0m - __ASSET_JOB - ba70c0d6-f32c-4607-823f-ead87c66da74 - 10241 - jaffle_shop_dbt_assets - ASSET_OBSERVATION - ASSET_OBSERVATION for step jaffle_shop_dbt_assets
[32m2024-01-22 06:37:11 +0000[0m - dagster - [34mDEBUG[0m - __ASSET_JOB - ba70c0d6-f32c-4607-823f-ead87c66da74 - 10241 - jaffle_shop_dbt_assets - ASSET_OBSERVATION - ASSET_OBSERVATION for step jaffle_shop_dbt_assets
[32m2024-01-22 06:37:11 +0000[0m - dagster - [34mDEBUG[0m - __ASSET_JOB - ba70c0d6-f32c-4607-823f-ead87c66da74 - 10241 - jaffle_shop_dbt_assets - ASSET_OBSERVATION - ASSET_OBSERVATION for step jaffle_shop_dbt_assets
[32m2024-01-22 06:37:11 +0000[0m - dagster - [34mDEBUG[0m - __ASSET_JOB - ba70c0d6-f32c-4607-823f-ead87c66da74 - 10241 - jaffle_shop_dbt_assets - STEP_SUCCESS - Finished execution of step "jaffle_shop_dbt_assets" in 10.1s.
